<?xml version="1.0" encoding="UTF-8"?>
<testsuite xmlns:xsi="http://www.w3.org/2001/XMLSchema-instance" xsi:noNamespaceSchemaLocation="https://maven.apache.org/surefire/maven-surefire-plugin/xsd/surefire-test-report.xsd" name="testRunner.TestRunner" time="2.437" tests="1" errors="0" skipped="0" failures="1">
  <properties>
[...]
</properties>
  <testcase name="runScenario" classname="testRunner.TestRunner" time="0.859">
    <failure message="config.properties (The system cannot find the file specified)" type="java.io.FileNotFoundException">java.io.FileNotFoundException: config.properties (The system cannot find the file specified)
</failure>
    <system-out><![CDATA[
@sanity
Scenario: Add new Customer                                                                # Genpact_Features/Customers1.feature:6
      java.io.FileNotFoundException: config.properties (The system cannot find the file specified)
	at java.base/java.io.FileInputStream.open0(Native Method)
	at java.base/java.io.FileInputStream.open(FileInputStream.java:219)
	at java.base/java.io.FileInputStream.<init>(FileInputStream.java:157)
	at java.base/java.io.FileInputStream.<init>(FileInputStream.java:112)
	at stepDefinitions.Stepdef.setup(Stepdef.java:54)

  Given User Launch Chrome browser                                                        # stepDefinitions.Stepdef.user_Launch_Chrome_browser()
  When User opens URL "http://admin-demo.nopcommerce.com/login"                           # stepDefinitions.Stepdef.user_opens_URL(java.lang.String)
  And User enters Email as "admin@yourstore.com" and Password as "admin"                  # stepDefinitions.Stepdef.user_enters_Email_as_and_Password_as(java.lang.String,java.lang.String)
  And Click on Login                                                                      # stepDefinitions.Stepdef.click_on_Login()
  Then User can view Dashboad                                                             # stepDefinitions.Stepdef.user_can_view_Dashboad()
  When User click on customers Menu                                                       # stepDefinitions.Stepdef.user_click_on_customers_Menu()
  And click on customers Menu Item                                                        # stepDefinitions.Stepdef.click_on_customers_Menu_Item()
  And click on Add new button                                                             # stepDefinitions.Stepdef.click_on_Add_new_button()
  Then User can view Add new customer page                                                # stepDefinitions.Stepdef.user_can_view_Add_new_customer_page()
  When User enter customer info                                                           # stepDefinitions.Stepdef.user_enter_customer_info()
  And click on Save button                                                                # stepDefinitions.Stepdef.click_on_Save_button()
  Then User can view confirmation message "The new customer has been added successfully." # stepDefinitions.Stepdef.user_can_view_confirmation_message(java.lang.String)
  When User click on Log out link                                                         # stepDefinitions.Stepdef.user_click_on_Log_out_link()
  Then Page Title should be "Your store. Login"                                           # stepDefinitions.Stepdef.page_Title_should_be(java.lang.String)
  And close browser                                                                       # stepDefinitions.Stepdef.close_browser()
]]></system-out>
    <system-err><![CDATA[log4j:ERROR Could not read configuration file [Log4j.properties].
java.io.FileNotFoundException: Log4j.properties (The system cannot find the file specified)
	at java.base/java.io.FileInputStream.open0(Native Method)
	at java.base/java.io.FileInputStream.open(FileInputStream.java:219)
	at java.base/java.io.FileInputStream.<init>(FileInputStream.java:157)
	at java.base/java.io.FileInputStream.<init>(FileInputStream.java:112)
	at org.apache.log4j.PropertyConfigurator.doConfigure(PropertyConfigurator.java:372)
	at org.apache.log4j.PropertyConfigurator.configure(PropertyConfigurator.java:403)
	at stepDefinitions.Stepdef.setup(Stepdef.java:48)
	at java.base/jdk.internal.reflect.NativeMethodAccessorImpl.invoke0(Native Method)
	at java.base/jdk.internal.reflect.NativeMethodAccessorImpl.invoke(NativeMethodAccessorImpl.java:62)
	at java.base/jdk.internal.reflect.DelegatingMethodAccessorImpl.invoke(DelegatingMethodAccessorImpl.java:43)
	at java.base/java.lang.reflect.Method.invoke(Method.java:566)
	at io.cucumber.java.Invoker.doInvoke(Invoker.java:66)
	at io.cucumber.java.Invoker.invoke(Invoker.java:24)
	at io.cucumber.java.AbstractGlueDefinition.invokeMethod(AbstractGlueDefinition.java:44)
	at io.cucumber.java.JavaHookDefinition.execute(JavaHookDefinition.java:59)
	at io.cucumber.core.runner.CoreHookDefinition.execute(CoreHookDefinition.java:44)
	at io.cucumber.core.runner.HookDefinitionMatch.runStep(HookDefinitionMatch.java:21)
	at io.cucumber.core.runner.TestStep.executeStep(TestStep.java:92)
	at io.cucumber.core.runner.TestStep.run(TestStep.java:63)
	at io.cucumber.core.runner.TestCase.run(TestCase.java:94)
	at io.cucumber.core.runner.Runner.runPickle(Runner.java:71)
	at io.cucumber.testng.TestNGCucumberRunner.lambda$runScenario$0(TestNGCucumberRunner.java:115)
	at io.cucumber.core.runtime.CucumberExecutionContext.runTestCase(CucumberExecutionContext.java:131)
	at io.cucumber.testng.TestNGCucumberRunner.runScenario(TestNGCucumberRunner.java:112)
	at io.cucumber.testng.AbstractTestNGCucumberTests.runScenario(AbstractTestNGCucumberTests.java:31)
	at java.base/jdk.internal.reflect.NativeMethodAccessorImpl.invoke0(Native Method)
	at java.base/jdk.internal.reflect.NativeMethodAccessorImpl.invoke(NativeMethodAccessorImpl.java:62)
	at java.base/jdk.internal.reflect.DelegatingMethodAccessorImpl.invoke(DelegatingMethodAccessorImpl.java:43)
	at java.base/java.lang.reflect.Method.invoke(Method.java:566)
	at org.testng.internal.MethodInvocationHelper.invokeMethod(MethodInvocationHelper.java:134)
	at org.testng.internal.TestInvoker.invokeMethod(TestInvoker.java:597)
	at org.testng.internal.TestInvoker.invokeTestMethod(TestInvoker.java:173)
	at org.testng.internal.TestMethodWithDataProviderMethodWorker.call(TestMethodWithDataProviderMethodWorker.java:77)
	at org.testng.internal.TestMethodWithDataProviderMethodWorker.call(TestMethodWithDataProviderMethodWorker.java:15)
	at java.base/java.util.concurrent.FutureTask.run(FutureTask.java:264)
	at java.base/java.util.concurrent.Executors$RunnableAdapter.call(Executors.java:515)
	at java.base/java.util.concurrent.FutureTask.run(FutureTask.java:264)
	at java.base/java.util.concurrent.ThreadPoolExecutor.runWorker(ThreadPoolExecutor.java:1128)
	at java.base/java.util.concurrent.ThreadPoolExecutor$Worker.run(ThreadPoolExecutor.java:628)
	at java.base/java.lang.Thread.run(Thread.java:829)
log4j:ERROR Ignoring configuration file [Log4j.properties].
]]></system-err>
  </testcase>
</testsuite>